** Event #0   t=0   Elapsed: 5.1e-05s (0m 00s)  0% completed  (0% total)
     Speed:     ev/sec=0   simsec/sec=0   ev/simsec=0
     Messages:  created: 48   present: 48   in FES: 6
** Event #1091   t=3   Elapsed: 0.055026s (0m 00s)  100% completed  (100% total)
     Speed:     ev/sec=19840   simsec/sec=54.5554   ev/simsec=363.667
     Messages:  created: 397   present: 48   in FES: 3

<!> Simulation time limit reached -- at t=3s, event #1091
[INFO]	NW.nodes[0].tcp: finishing with 0 connections open.
[INFO]	NW.nodes[0].app[0]: received 6 packets
[INFO]	NW.nodes[1].tcp: finishing with 0 connections open.
[INFO]	Radio signal arrival computation count = 48
[INFO]	Transmission count = 48
[INFO]	Signal send count = 48
[INFO]	Reception computation count = 48
[INFO]	Interference computation count = 242
[INFO]	Reception decision computation count = 48
[INFO]	Listening decision computation count = 146
[INFO]	Reception cache hit = 85.7143 %
[INFO]	Interference cache hit = 66.6667 %
[INFO]	Noise cache hit = 0 %
[INFO]	SNIR cache hit = 50 %
[INFO]	Reception decision cache hit = 50 %
[INFO]	Reception result cache hit = 0 %
undisposed object: (omnetpp::cMessage) NW.nodes[0].wlan[0].linkLayer.subLayerTimer -- check module destructor
[INFO]	Clear all sockets
undisposed object: (omnetpp::cMessage) NW.nodes[1].wlan[0].linkLayer.subLayerTimer -- check module destructor
[INFO]	Clear all sockets
